<?xml version="1.0" encoding="UTF-8"?>
<robot generator="Robot 7.3.2 (Python 3.13.9 on win32)" generated="2025-11-17T12:11:56.171653" rpa="false" schemaversion="5">
<suite id="s1" name="Tests" source="C:\Users\mintt\Documents\school\ohtu\webcounter\src\tests">
<suite id="s1-s1" name="Increment" source="C:\Users\mintt\Documents\school\ohtu\webcounter\src\tests\increment.robot">
<kw name="Open And Configure Browser" owner="resource" type="SETUP">
<if>
<branch type="IF" condition="$BROWSER == 'chrome'">
<kw name="Evaluate" owner="BuiltIn">
<msg time="2025-11-17T12:11:56.334039" level="INFO">${options} = &lt;selenium.webdriver.chrome.options.Options object at 0x00000160325AE510&gt;</msg>
<var>${options}</var>
<arg>sys.modules['selenium.webdriver'].ChromeOptions()</arg>
<arg>sys</arg>
<doc>Evaluates the given expression in Python and returns the result.</doc>
<status status="PASS" start="2025-11-17T12:11:56.333828" elapsed="0.000242"/>
</kw>
<kw name="Call Method" owner="BuiltIn">
<arg>${options}</arg>
<arg>add_argument</arg>
<arg>--incognito</arg>
<doc>Calls the named method of the given object with the provided arguments.</doc>
<status status="PASS" start="2025-11-17T12:11:56.334176" elapsed="0.000102"/>
</kw>
<status status="PASS" start="2025-11-17T12:11:56.333397" elapsed="0.000917"/>
</branch>
<branch type="ELSE IF" condition="$BROWSER == 'firefox'">
<kw name="Evaluate" owner="BuiltIn">
<var>${options}</var>
<arg>sys.modules['selenium.webdriver'].FirefoxOptions()</arg>
<arg>sys</arg>
<doc>Evaluates the given expression in Python and returns the result.</doc>
<status status="NOT RUN" start="2025-11-17T12:11:56.334417" elapsed="0.000019"/>
</kw>
<kw name="Call Method" owner="BuiltIn">
<arg>${options}</arg>
<arg>add_argument</arg>
<arg>--private-window</arg>
<doc>Calls the named method of the given object with the provided arguments.</doc>
<status status="NOT RUN" start="2025-11-17T12:11:56.334493" elapsed="0.000016"/>
</kw>
<status status="NOT RUN" start="2025-11-17T12:11:56.334347" elapsed="0.000189"/>
</branch>
<status status="PASS" start="2025-11-17T12:11:56.333378" elapsed="0.001182"/>
</if>
<if>
<branch type="IF" condition="$HEADLESS == 'true'">
<kw name="Set Selenium Speed" owner="SeleniumLibrary">
<arg>0.05 seconds</arg>
<doc>Sets the delay that is waited after each Selenium command.</doc>
<status status="NOT RUN" start="2025-11-17T12:11:56.334716" elapsed="0.000018"/>
</kw>
<kw name="Call Method" owner="BuiltIn">
<arg>${options}</arg>
<arg>add_argument</arg>
<arg>--headless</arg>
<doc>Calls the named method of the given object with the provided arguments.</doc>
<status status="NOT RUN" start="2025-11-17T12:11:56.334789" elapsed="0.000016"/>
</kw>
<status status="NOT RUN" start="2025-11-17T12:11:56.334599" elapsed="0.000235"/>
</branch>
<branch type="ELSE">
<kw name="Set Selenium Speed" owner="SeleniumLibrary">
<arg>${DELAY}</arg>
<doc>Sets the delay that is waited after each Selenium command.</doc>
<status status="PASS" start="2025-11-17T12:11:56.334908" elapsed="0.000151"/>
</kw>
<status status="PASS" start="2025-11-17T12:11:56.334856" elapsed="0.000233"/>
</branch>
<status status="PASS" start="2025-11-17T12:11:56.334589" elapsed="0.000522"/>
</if>
<kw name="Open Browser" owner="SeleniumLibrary">
<msg time="2025-11-17T12:11:56.335329" level="INFO">Opening browser 'chrome' to base url 'None'.</msg>
<arg>browser=${BROWSER}</arg>
<arg>options=${options}</arg>
<doc>Opens a new browser instance to the optional ``url``.</doc>
<status status="PASS" start="2025-11-17T12:11:56.335174" elapsed="1.414938"/>
</kw>
<status status="PASS" start="2025-11-17T12:11:56.333227" elapsed="1.416983"/>
</kw>
<test id="s1-s1-t1" name="At start the counter is zero" line="8">
<kw name="Reset counter" owner="resource" type="SETUP">
<kw name="Go To" owner="SeleniumLibrary">
<msg time="2025-11-17T12:11:57.751324" level="INFO">Opening url 'http://localhost:5001'</msg>
<arg>${HOME_URL}</arg>
<doc>Navigates the current browser window to the provided ``url``.</doc>
<status status="PASS" start="2025-11-17T12:11:57.751150" elapsed="0.850289"/>
</kw>
<kw name="Click Button" owner="SeleniumLibrary">
<msg time="2025-11-17T12:11:58.602087" level="INFO">Clicking button 'Nollaa'.</msg>
<arg>Nollaa</arg>
<doc>Clicks the button identified by ``locator``.</doc>
<status status="PASS" start="2025-11-17T12:11:58.601734" elapsed="2.708492"/>
</kw>
<status status="PASS" start="2025-11-17T12:11:57.750832" elapsed="3.559755"/>
</kw>
<kw name="Go To" owner="SeleniumLibrary">
<msg time="2025-11-17T12:12:01.311838" level="INFO">Opening url 'http://localhost:5001'</msg>
<arg>${HOME_URL}</arg>
<doc>Navigates the current browser window to the provided ``url``.</doc>
<status status="PASS" start="2025-11-17T12:12:01.311318" elapsed="0.535533"/>
</kw>
<kw name="Title Should Be" owner="SeleniumLibrary">
<msg time="2025-11-17T12:12:02.362445" level="INFO">Page title is 'Laskuri'.</msg>
<arg>Laskuri</arg>
<doc>Verifies that the current page title equals ``title``.</doc>
<status status="PASS" start="2025-11-17T12:12:01.847715" elapsed="0.514981"/>
</kw>
<kw name="Page Should Contain" owner="SeleniumLibrary">
<msg time="2025-11-17T12:12:03.380692" level="INFO">Current page contains text 'nappia painettu 0 kertaa'.</msg>
<arg>nappia painettu 0 kertaa</arg>
<doc>Verifies that current page contains ``text``.</doc>
<status status="PASS" start="2025-11-17T12:12:02.363363" elapsed="1.017545"/>
</kw>
<status status="PASS" start="2025-11-17T12:11:57.750276" elapsed="5.631298"/>
</test>
<test id="s1-s1-t2" name="When button pressed twice the counter is two" line="13">
<kw name="Reset counter" owner="resource" type="SETUP">
<kw name="Go To" owner="SeleniumLibrary">
<msg time="2025-11-17T12:12:03.383503" level="INFO">Opening url 'http://localhost:5001'</msg>
<arg>${HOME_URL}</arg>
<doc>Navigates the current browser window to the provided ``url``.</doc>
<status status="PASS" start="2025-11-17T12:12:03.383348" elapsed="0.834060"/>
</kw>
<kw name="Click Button" owner="SeleniumLibrary">
<msg time="2025-11-17T12:12:04.218411" level="INFO">Clicking button 'Nollaa'.</msg>
<arg>Nollaa</arg>
<doc>Clicks the button identified by ``locator``.</doc>
<status status="PASS" start="2025-11-17T12:12:04.217921" elapsed="2.433433"/>
</kw>
<status status="PASS" start="2025-11-17T12:12:03.383103" elapsed="3.268598"/>
</kw>
<kw name="Go To" owner="SeleniumLibrary">
<msg time="2025-11-17T12:12:06.655170" level="INFO">Opening url 'http://localhost:5001'</msg>
<arg>${HOME_URL}</arg>
<doc>Navigates the current browser window to the provided ``url``.</doc>
<status status="PASS" start="2025-11-17T12:12:06.654329" elapsed="0.552931"/>
</kw>
<kw name="Click Button" owner="SeleniumLibrary">
<msg time="2025-11-17T12:12:07.208492" level="INFO">Clicking button 'Paina'.</msg>
<arg>Paina</arg>
<doc>Clicks the button identified by ``locator``.</doc>
<status status="PASS" start="2025-11-17T12:12:07.208071" elapsed="2.711550"/>
</kw>
<kw name="Click Button" owner="SeleniumLibrary">
<msg time="2025-11-17T12:12:09.920201" level="INFO">Clicking button 'Paina'.</msg>
<arg>Paina</arg>
<doc>Clicks the button identified by ``locator``.</doc>
<status status="PASS" start="2025-11-17T12:12:09.920004" elapsed="2.389554"/>
</kw>
<kw name="Page Should Contain" owner="SeleniumLibrary">
<msg time="2025-11-17T12:12:13.345034" level="INFO">Current page contains text 'nappia painettu 2 kertaa'.</msg>
<arg>nappia painettu 2 kertaa</arg>
<doc>Verifies that current page contains ``text``.</doc>
<status status="PASS" start="2025-11-17T12:12:12.310520" elapsed="1.034748"/>
</kw>
<status status="PASS" start="2025-11-17T12:12:03.382482" elapsed="9.963611"/>
</test>
<test id="s1-s1-t3" name="When counter has a nonzero value and it is reset the value becomes zero" line="19">
<kw name="Reset counter" owner="resource" type="SETUP">
<kw name="Go To" owner="SeleniumLibrary">
<msg time="2025-11-17T12:12:13.350065" level="INFO">Opening url 'http://localhost:5001'</msg>
<arg>${HOME_URL}</arg>
<doc>Navigates the current browser window to the provided ``url``.</doc>
<status status="PASS" start="2025-11-17T12:12:13.349751" elapsed="0.534133"/>
</kw>
<kw name="Click Button" owner="SeleniumLibrary">
<msg time="2025-11-17T12:12:13.885009" level="INFO">Clicking button 'Nollaa'.</msg>
<arg>Nollaa</arg>
<doc>Clicks the button identified by ``locator``.</doc>
<status status="PASS" start="2025-11-17T12:12:13.884607" elapsed="2.681611"/>
</kw>
<status status="PASS" start="2025-11-17T12:12:13.348966" elapsed="3.217411"/>
</kw>
<kw name="Go To" owner="SeleniumLibrary">
<msg time="2025-11-17T12:12:16.567013" level="INFO">Opening url 'http://localhost:5001'</msg>
<arg>${HOME_URL}</arg>
<doc>Navigates the current browser window to the provided ``url``.</doc>
<status status="PASS" start="2025-11-17T12:12:16.566823" elapsed="0.512972"/>
</kw>
<kw name="Click Button" owner="SeleniumLibrary">
<msg time="2025-11-17T12:12:17.080760" level="INFO">Clicking button 'Paina'.</msg>
<arg>Paina</arg>
<doc>Clicks the button identified by ``locator``.</doc>
<status status="PASS" start="2025-11-17T12:12:17.080403" elapsed="2.665224"/>
</kw>
<kw name="Click Button" owner="SeleniumLibrary">
<msg time="2025-11-17T12:12:19.746695" level="INFO">Clicking button 'Nollaa'.</msg>
<arg>Nollaa</arg>
<doc>Clicks the button identified by ``locator``.</doc>
<status status="PASS" start="2025-11-17T12:12:19.746239" elapsed="2.469828"/>
</kw>
<kw name="Page Should Contain" owner="SeleniumLibrary">
<msg time="2025-11-17T12:12:23.232123" level="INFO">Current page contains text 'nappia painettu 0 kertaa'.</msg>
<arg>nappia painettu 0 kertaa</arg>
<doc>Verifies that current page contains ``text``.</doc>
<status status="PASS" start="2025-11-17T12:12:22.216883" elapsed="1.015464"/>
</kw>
<status status="PASS" start="2025-11-17T12:12:13.347740" elapsed="9.885441"/>
</test>
<test id="s1-s1-t4" name="When value is manually set it changes the counter" line="25">
<kw name="Reset counter" owner="resource" type="SETUP">
<kw name="Go To" owner="SeleniumLibrary">
<msg time="2025-11-17T12:12:23.237093" level="INFO">Opening url 'http://localhost:5001'</msg>
<arg>${HOME_URL}</arg>
<doc>Navigates the current browser window to the provided ``url``.</doc>
<status status="PASS" start="2025-11-17T12:12:23.236827" elapsed="0.523838"/>
</kw>
<kw name="Click Button" owner="SeleniumLibrary">
<msg time="2025-11-17T12:12:23.761334" level="INFO">Clicking button 'Nollaa'.</msg>
<arg>Nollaa</arg>
<doc>Clicks the button identified by ``locator``.</doc>
<status status="PASS" start="2025-11-17T12:12:23.760991" elapsed="2.676830"/>
</kw>
<status status="PASS" start="2025-11-17T12:12:23.236288" elapsed="3.201793"/>
</kw>
<kw name="Go To" owner="SeleniumLibrary">
<msg time="2025-11-17T12:12:26.439312" level="INFO">Opening url 'http://localhost:5001'</msg>
<arg>${HOME_URL}</arg>
<doc>Navigates the current browser window to the provided ``url``.</doc>
<status status="PASS" start="2025-11-17T12:12:26.438788" elapsed="0.541529"/>
</kw>
<kw name="Input Text" owner="SeleniumLibrary">
<msg time="2025-11-17T12:12:26.981769" level="INFO">Typing text '7' into text field 'name:value'.</msg>
<arg>name:value</arg>
<arg>7</arg>
<doc>Types the given ``text`` into the text field identified by ``locator``.</doc>
<status status="PASS" start="2025-11-17T12:12:26.981260" elapsed="1.606278"/>
</kw>
<kw name="Click Button" owner="SeleniumLibrary">
<msg time="2025-11-17T12:12:28.589003" level="INFO">Clicking button 'Aseta'.</msg>
<arg>Aseta</arg>
<doc>Clicks the button identified by ``locator``.</doc>
<status status="PASS" start="2025-11-17T12:12:28.588431" elapsed="2.710784"/>
</kw>
<kw name="Page Should Contain" owner="SeleniumLibrary">
<msg time="2025-11-17T12:12:32.318325" level="INFO">Current page contains text 'nappia painettu 7 kertaa'.</msg>
<arg>nappia painettu 7 kertaa</arg>
<doc>Verifies that current page contains ``text``.</doc>
<status status="PASS" start="2025-11-17T12:12:31.300126" elapsed="1.018436"/>
</kw>
<status status="PASS" start="2025-11-17T12:12:23.234975" elapsed="9.084462"/>
</test>
<test id="s1-s1-t5" name="Setting value again overwrites the previous one" line="31">
<kw name="Reset counter" owner="resource" type="SETUP">
<kw name="Go To" owner="SeleniumLibrary">
<msg time="2025-11-17T12:12:32.323839" level="INFO">Opening url 'http://localhost:5001'</msg>
<arg>${HOME_URL}</arg>
<doc>Navigates the current browser window to the provided ``url``.</doc>
<status status="PASS" start="2025-11-17T12:12:32.323186" elapsed="0.539062"/>
</kw>
<kw name="Click Button" owner="SeleniumLibrary">
<msg time="2025-11-17T12:12:32.863006" level="INFO">Clicking button 'Nollaa'.</msg>
<arg>Nollaa</arg>
<doc>Clicks the button identified by ``locator``.</doc>
<status status="PASS" start="2025-11-17T12:12:32.862627" elapsed="2.741471"/>
</kw>
<status status="PASS" start="2025-11-17T12:12:32.322489" elapsed="3.281864"/>
</kw>
<kw name="Go To" owner="SeleniumLibrary">
<msg time="2025-11-17T12:12:35.606317" level="INFO">Opening url 'http://localhost:5001'</msg>
<arg>${HOME_URL}</arg>
<doc>Navigates the current browser window to the provided ``url``.</doc>
<status status="PASS" start="2025-11-17T12:12:35.605773" elapsed="0.519690"/>
</kw>
<kw name="Input Text" owner="SeleniumLibrary">
<msg time="2025-11-17T12:12:36.126146" level="INFO">Typing text '5' into text field 'name:value'.</msg>
<arg>name:value</arg>
<arg>5</arg>
<doc>Types the given ``text`` into the text field identified by ``locator``.</doc>
<status status="PASS" start="2025-11-17T12:12:36.125939" elapsed="1.580701"/>
</kw>
<kw name="Click Button" owner="SeleniumLibrary">
<msg time="2025-11-17T12:12:37.707197" level="INFO">Clicking button 'Aseta'.</msg>
<arg>Aseta</arg>
<doc>Clicks the button identified by ``locator``.</doc>
<status status="PASS" start="2025-11-17T12:12:37.706983" elapsed="2.701661"/>
</kw>
<kw name="Page Should Contain" owner="SeleniumLibrary">
<msg time="2025-11-17T12:12:41.435301" level="INFO">Current page contains text 'nappia painettu 5 kertaa'.</msg>
<arg>nappia painettu 5 kertaa</arg>
<doc>Verifies that current page contains ``text``.</doc>
<status status="PASS" start="2025-11-17T12:12:40.409489" elapsed="1.026132"/>
</kw>
<kw name="Input Text" owner="SeleniumLibrary">
<msg time="2025-11-17T12:12:41.436980" level="INFO">Typing text '12' into text field 'name:value'.</msg>
<arg>name:value</arg>
<arg>12</arg>
<doc>Types the given ``text`` into the text field identified by ``locator``.</doc>
<status status="PASS" start="2025-11-17T12:12:41.436413" elapsed="1.619582"/>
</kw>
<kw name="Click Button" owner="SeleniumLibrary">
<msg time="2025-11-17T12:12:43.057526" level="INFO">Clicking button 'Aseta'.</msg>
<arg>Aseta</arg>
<doc>Clicks the button identified by ``locator``.</doc>
<status status="PASS" start="2025-11-17T12:12:43.057043" elapsed="2.430216"/>
</kw>
<kw name="Page Should Contain" owner="SeleniumLibrary">
<msg time="2025-11-17T12:12:46.521167" level="INFO">Current page contains text 'nappia painettu 12 kertaa'.</msg>
<arg>nappia painettu 12 kertaa</arg>
<doc>Verifies that current page contains ``text``.</doc>
<status status="PASS" start="2025-11-17T12:12:45.488467" elapsed="1.032933"/>
</kw>
<status status="PASS" start="2025-11-17T12:12:32.321299" elapsed="14.200918"/>
</test>
<test id="s1-s1-t6" name="Setting value to zero resets the counter effectively" line="40">
<kw name="Reset counter" owner="resource" type="SETUP">
<kw name="Go To" owner="SeleniumLibrary">
<msg time="2025-11-17T12:12:46.525992" level="INFO">Opening url 'http://localhost:5001'</msg>
<arg>${HOME_URL}</arg>
<doc>Navigates the current browser window to the provided ``url``.</doc>
<status status="PASS" start="2025-11-17T12:12:46.525695" elapsed="0.538385"/>
</kw>
<kw name="Click Button" owner="SeleniumLibrary">
<msg time="2025-11-17T12:12:47.065208" level="INFO">Clicking button 'Nollaa'.</msg>
<arg>Nollaa</arg>
<doc>Clicks the button identified by ``locator``.</doc>
<status status="PASS" start="2025-11-17T12:12:47.064662" elapsed="2.130240"/>
</kw>
<status status="PASS" start="2025-11-17T12:12:46.525166" elapsed="2.670083"/>
</kw>
<kw name="Go To" owner="SeleniumLibrary">
<msg time="2025-11-17T12:12:49.197115" level="INFO">Opening url 'http://localhost:5001'</msg>
<arg>${HOME_URL}</arg>
<doc>Navigates the current browser window to the provided ``url``.</doc>
<status status="PASS" start="2025-11-17T12:12:49.196649" elapsed="0.657751"/>
</kw>
<kw name="Input Text" owner="SeleniumLibrary">
<msg time="2025-11-17T12:12:49.855882" level="INFO">Typing text '9' into text field 'name:value'.</msg>
<arg>name:value</arg>
<arg>9</arg>
<doc>Types the given ``text`` into the text field identified by ``locator``.</doc>
<status status="PASS" start="2025-11-17T12:12:49.855334" elapsed="1.580906"/>
</kw>
<kw name="Click Button" owner="SeleniumLibrary">
<msg time="2025-11-17T12:12:51.436926" level="INFO">Clicking button 'Aseta'.</msg>
<arg>Aseta</arg>
<doc>Clicks the button identified by ``locator``.</doc>
<status status="PASS" start="2025-11-17T12:12:51.436680" elapsed="2.404238"/>
</kw>
<kw name="Page Should Contain" owner="SeleniumLibrary">
<msg time="2025-11-17T12:12:54.854766" level="INFO">Current page contains text 'nappia painettu 9 kertaa'.</msg>
<arg>nappia painettu 9 kertaa</arg>
<doc>Verifies that current page contains ``text``.</doc>
<status status="PASS" start="2025-11-17T12:12:53.842365" elapsed="1.012624"/>
</kw>
<kw name="Input Text" owner="SeleniumLibrary">
<msg time="2025-11-17T12:12:54.856658" level="INFO">Typing text '0' into text field 'name:value'.</msg>
<arg>name:value</arg>
<arg>0</arg>
<doc>Types the given ``text`` into the text field identified by ``locator``.</doc>
<status status="PASS" start="2025-11-17T12:12:54.855718" elapsed="1.565611"/>
</kw>
<kw name="Click Button" owner="SeleniumLibrary">
<msg time="2025-11-17T12:12:56.422871" level="INFO">Clicking button 'Aseta'.</msg>
<arg>Aseta</arg>
<doc>Clicks the button identified by ``locator``.</doc>
<status status="PASS" start="2025-11-17T12:12:56.422353" elapsed="2.433212"/>
</kw>
<kw name="Page Should Contain" owner="SeleniumLibrary">
<msg time="2025-11-17T12:12:59.870463" level="INFO">Current page contains text 'nappia painettu 0 kertaa'.</msg>
<arg>nappia painettu 0 kertaa</arg>
<doc>Verifies that current page contains ``text``.</doc>
<status status="PASS" start="2025-11-17T12:12:58.856384" elapsed="1.014224"/>
</kw>
<status status="PASS" start="2025-11-17T12:12:46.524057" elapsed="13.346905"/>
</test>
<kw name="Close Browser" owner="SeleniumLibrary" type="TEARDOWN">
<doc>Closes the current browser.</doc>
<status status="PASS" start="2025-11-17T12:12:59.871836" elapsed="2.593476"/>
</kw>
<status status="PASS" start="2025-11-17T12:11:56.190998" elapsed="66.274446"/>
</suite>
<status status="PASS" start="2025-11-17T12:11:56.173100" elapsed="66.294427"/>
</suite>
<statistics>
<total>
<stat pass="6" fail="0" skip="0">All Tests</stat>
</total>
<tag>
</tag>
<suite>
<stat name="Tests" id="s1" pass="6" fail="0" skip="0">Tests</stat>
<stat name="Increment" id="s1-s1" pass="6" fail="0" skip="0">Tests.Increment</stat>
</suite>
</statistics>
<errors>
</errors>
</robot>
